2025-06-28 18:31:14,266 - INFO - Starting Flask-SocketIO development server...
2025-06-28 18:31:37,886 - INFO - Client connected: nThAHJJTPWYpAus0AAAB
2025-06-28 18:31:37,886 - INFO - Session nThAHJJTPWYpAus0AAAB: Welcome! Your session ID is nThAHJJTPWYpAus0AAAB
2025-06-28 18:31:39,138 - INFO - Client disconnected: nThAHJJTPWYpAus0AAAB
2025-06-28 18:31:39,218 - INFO - Client connected: lCVZO1DK28SE4cjyAAAD
2025-06-28 18:31:39,218 - INFO - Session lCVZO1DK28SE4cjyAAAD: Welcome! Your session ID is lCVZO1DK28SE4cjyAAAD
2025-06-28 18:37:06,510 - ERROR - Exception on / [POST]
Traceback (most recent call last):
  File "/home/himel/PycharmProjects/PythonProject1/.venv/lib/python3.13/site-packages/flask/app.py", line 1511, in wsgi_app
    response = self.full_dispatch_request()
  File "/home/himel/PycharmProjects/PythonProject1/.venv/lib/python3.13/site-packages/flask/app.py", line 919, in full_dispatch_request
    rv = self.handle_user_exception(e)
  File "/home/himel/PycharmProjects/PythonProject1/.venv/lib/python3.13/site-packages/flask/app.py", line 917, in full_dispatch_request
    rv = self.dispatch_request()
  File "/home/himel/PycharmProjects/PythonProject1/.venv/lib/python3.13/site-packages/flask/app.py", line 902, in dispatch_request
    return self.ensure_sync(self.view_functions[rule.endpoint])(**view_args)  # type: ignore[no-any-return]
           ~~~~~~~~~~~~~~~~~~~~~~~~~~~~~~~~~~~~~~~~~~~~~~~~~~~~^^^^^^^^^^^^^
  File "/home/himel/PycharmProjects/PythonProject1/main.py", line 146, in process_audio_request
    session_id = request.sid # Get the Socket.IO session ID from the request context
                 ^^^^^^^^^^^
AttributeError: 'Request' object has no attribute 'sid'
2025-06-28 18:41:05,075 - INFO - Starting Flask-SocketIO development server...
2025-06-28 18:41:05,627 - INFO - Client connected: OQrEEuAoTcLH8mMMAAAB
2025-06-28 18:41:05,627 - INFO - Session OQrEEuAoTcLH8mMMAAAB: Welcome! Your session ID is OQrEEuAoTcLH8mMMAAAB
2025-06-28 18:41:05,627 - INFO - Session OQrEEuAoTcLH8mMMAAAB: No user token found. A new one will be assigned.
2025-06-28 18:41:16,238 - INFO - Client disconnected: OQrEEuAoTcLH8mMMAAAB
2025-06-28 18:41:16,245 - INFO - New user token generated: R7HioX2OGNEi5zHEJXxZaA
2025-06-28 18:41:16,334 - INFO - Client connected: hGU1rYESWGpLbqZEAAAD
2025-06-28 18:41:16,335 - INFO - Session hGU1rYESWGpLbqZEAAAD: Welcome! Your session ID is hGU1rYESWGpLbqZEAAAD
2025-06-28 18:41:16,335 - INFO - Client hGU1rYESWGpLbqZEAAAD connected with user token: R7HioX2OGNEi5zHEJXxZaA
2025-06-28 18:45:47,919 - INFO - Starting Flask-SocketIO development server...
2025-06-28 18:45:48,741 - INFO - Client connected: X4Vz_OThUSWXwFCCAAAB
2025-06-28 18:45:48,742 - INFO - Session X4Vz_OThUSWXwFCCAAAB: Welcome! Your session ID is X4Vz_OThUSWXwFCCAAAB
2025-06-28 18:45:48,742 - INFO - Client X4Vz_OThUSWXwFCCAAAB connected with user token: R7HioX2OGNEi5zHEJXxZaA
2025-06-28 18:45:57,245 - INFO - Client disconnected: X4Vz_OThUSWXwFCCAAAB
2025-06-28 18:45:58,839 - INFO - Existing user token found: R7HioX2OGNEi5zHEJXxZaA
2025-06-28 18:45:58,926 - INFO - Client connected: SQPAZmytrYp93FAhAAAD
2025-06-28 18:45:58,926 - INFO - Session SQPAZmytrYp93FAhAAAD: Welcome! Your session ID is SQPAZmytrYp93FAhAAAD
2025-06-28 18:45:58,926 - INFO - Client SQPAZmytrYp93FAhAAAD connected with user token: R7HioX2OGNEi5zHEJXxZaA
2025-06-28 18:46:09,436 - INFO - Starting Flask-SocketIO development server...
2025-06-28 18:46:10,383 - INFO - Client connected: ERRD-Zn_ibeEQUW-AAAB
2025-06-28 18:46:10,383 - INFO - Session ERRD-Zn_ibeEQUW-AAAB: Welcome! Your session ID is ERRD-Zn_ibeEQUW-AAAB
2025-06-28 18:46:10,383 - INFO - Client ERRD-Zn_ibeEQUW-AAAB connected with user token: R7HioX2OGNEi5zHEJXxZaA
2025-06-28 18:47:53,486 - INFO - Starting Flask-SocketIO development server...
2025-06-28 18:47:54,040 - INFO - Client connected: vX5Yy5GQG6aH7GSZAAAB
2025-06-28 18:47:54,040 - INFO - Session vX5Yy5GQG6aH7GSZAAAB: Welcome! Your session ID is vX5Yy5GQG6aH7GSZAAAB
2025-06-28 18:52:36,834 - INFO - Client disconnected: vX5Yy5GQG6aH7GSZAAAB
2025-06-28 18:54:01,975 - INFO - Starting Flask-SocketIO development server...
2025-06-28 18:54:10,620 - INFO - Client connected: wi-qyq5w5Cdim_vdAAAB
2025-06-28 18:54:10,621 - INFO - Session wi-qyq5w5Cdim_vdAAAB: Welcome! Your session ID is wi-qyq5w5Cdim_vdAAAB
2025-06-28 18:54:14,607 - ERROR - Exception on /process [POST]
Traceback (most recent call last):
  File "/home/himel/PycharmProjects/PythonProject1/.venv/lib/python3.13/site-packages/flask/app.py", line 1511, in wsgi_app
    response = self.full_dispatch_request()
  File "/home/himel/PycharmProjects/PythonProject1/.venv/lib/python3.13/site-packages/flask/app.py", line 919, in full_dispatch_request
    rv = self.handle_user_exception(e)
  File "/home/himel/PycharmProjects/PythonProject1/.venv/lib/python3.13/site-packages/flask/app.py", line 917, in full_dispatch_request
    rv = self.dispatch_request()
  File "/home/himel/PycharmProjects/PythonProject1/.venv/lib/python3.13/site-packages/flask/app.py", line 902, in dispatch_request
    return self.ensure_sync(self.view_functions[rule.endpoint])(**view_args)  # type: ignore[no-any-return]
           ~~~~~~~~~~~~~~~~~~~~~~~~~~~~~~~~~~~~~~~~~~~~~~~~~~~~^^^^^^^^^^^^^
  File "/home/himel/PycharmProjects/PythonProject1/main.py", line 184, in process_audio_request
    session_id = request.sid
                 ^^^^^^^^^^^
AttributeError: 'Request' object has no attribute 'sid'
2025-06-28 18:57:52,029 - INFO - Starting Flask-SocketIO development server...
2025-06-28 18:57:52,784 - INFO - Client connected: 9L98lh7n3kuyhugIAAAB
2025-06-28 18:57:52,784 - INFO - Session 9L98lh7n3kuyhugIAAAB: Welcome! Your session ID is 9L98lh7n3kuyhugIAAAB
2025-06-28 18:57:58,119 - INFO - Client disconnected: 9L98lh7n3kuyhugIAAAB
2025-06-28 18:57:59,544 - INFO - Client connected: Lssb5Aj_zaQsXXtBAAAD
2025-06-28 18:57:59,545 - INFO - Session Lssb5Aj_zaQsXXtBAAAD: Welcome! Your session ID is Lssb5Aj_zaQsXXtBAAAD
2025-06-28 18:58:01,696 - INFO - Received /process request for session ID: Lssb5Aj_zaQsXXtBAAAD
2025-06-28 18:58:01,697 - INFO - Session Lssb5Aj_zaQsXXtBAAAD: Received YouTube URL: https://youtu.be/M-mtdN6R3bQ?si=PrXo_0-b8yVB17YC
2025-06-28 18:58:01,697 - INFO - Session Lssb5Aj_zaQsXXtBAAAD: Processing options: {'remove_silence': True, 'enhance_vocals': True, 'silence_thresh': -40.0, 'min_silence_len': 10.0, 'keep_silence': 500.0}
2025-06-28 18:58:01,697 - DEBUG - Session Lssb5Aj_zaQsXXtBAAAD: Background processing task initiated.
2025-06-28 18:58:01,698 - INFO - Session Lssb5Aj_zaQsXXtBAAAD: Starting vocal isolation process...
2025-06-28 18:58:01,698 - DEBUG - run_vocal_isolation_simulated started for session: Lssb5Aj_zaQsXXtBAAAD
2025-06-28 18:58:01,698 - DEBUG - Ensured session output directory exists: /tmp/justvocals_user_data/Lssb5Aj_zaQsXXtBAAAD/final_output
2025-06-28 18:58:01,698 - INFO - Session Lssb5Aj_zaQsXXtBAAAD: Downloading/Preparing audio...
2025-06-28 18:58:01,698 - DEBUG - Session Lssb5Aj_zaQsXXtBAAAD: Progress Download - 10.0%
2025-06-28 18:58:01,698 - DEBUG - Simulating download for session Lssb5Aj_zaQsXXtBAAAD
2025-06-28 18:58:02,698 - DEBUG - Entering stage: Separating vocals for session Lssb5Aj_zaQsXXtBAAAD
2025-06-28 18:58:02,699 - DEBUG - Session Lssb5Aj_zaQsXXtBAAAD: Progress Separating vocals - 11.0%
2025-06-28 18:58:03,199 - DEBUG - Session Lssb5Aj_zaQsXXtBAAAD: Progress Separating vocals - 12.0%
2025-06-28 18:58:03,700 - DEBUG - Session Lssb5Aj_zaQsXXtBAAAD: Progress Separating vocals - 13.0%
2025-06-28 18:58:04,201 - DEBUG - Session Lssb5Aj_zaQsXXtBAAAD: Progress Separating vocals - 14.0%
2025-06-28 18:58:04,702 - DEBUG - Session Lssb5Aj_zaQsXXtBAAAD: Progress Separating vocals - 15.0%
2025-06-28 18:58:05,203 - DEBUG - Session Lssb5Aj_zaQsXXtBAAAD: Progress Separating vocals - 16.0%
2025-06-28 18:58:05,704 - DEBUG - Session Lssb5Aj_zaQsXXtBAAAD: Progress Separating vocals - 17.0%
2025-06-28 18:58:06,205 - DEBUG - Session Lssb5Aj_zaQsXXtBAAAD: Progress Separating vocals - 18.0%
2025-06-28 18:58:06,706 - DEBUG - Session Lssb5Aj_zaQsXXtBAAAD: Progress Separating vocals - 19.0%
2025-06-28 18:58:07,207 - DEBUG - Session Lssb5Aj_zaQsXXtBAAAD: Progress Separating vocals - 20.0%
2025-06-28 18:58:07,708 - DEBUG - Session Lssb5Aj_zaQsXXtBAAAD: Progress Separating vocals - 21.0%
2025-06-28 18:58:08,209 - DEBUG - Session Lssb5Aj_zaQsXXtBAAAD: Progress Separating vocals - 22.0%
2025-06-28 18:58:08,710 - DEBUG - Session Lssb5Aj_zaQsXXtBAAAD: Progress Separating vocals - 23.0%
2025-06-28 18:58:09,212 - DEBUG - Session Lssb5Aj_zaQsXXtBAAAD: Progress Separating vocals - 24.0%
2025-06-28 18:58:09,712 - DEBUG - Session Lssb5Aj_zaQsXXtBAAAD: Progress Separating vocals - 25.0%
2025-06-28 18:58:10,213 - DEBUG - Session Lssb5Aj_zaQsXXtBAAAD: Progress Separating vocals - 26.0%
2025-06-28 18:58:10,714 - DEBUG - Session Lssb5Aj_zaQsXXtBAAAD: Progress Separating vocals - 27.0%
2025-06-28 18:58:11,215 - DEBUG - Session Lssb5Aj_zaQsXXtBAAAD: Progress Separating vocals - 28.0%
2025-06-28 18:58:11,717 - DEBUG - Session Lssb5Aj_zaQsXXtBAAAD: Progress Separating vocals - 29.0%
2025-06-28 18:58:12,218 - DEBUG - Session Lssb5Aj_zaQsXXtBAAAD: Progress Separating vocals - 30.0%
2025-06-28 18:58:12,719 - DEBUG - Session Lssb5Aj_zaQsXXtBAAAD: Progress Separating vocals - 31.0%
2025-06-28 18:58:13,221 - DEBUG - Session Lssb5Aj_zaQsXXtBAAAD: Progress Separating vocals - 32.0%
2025-06-28 18:58:13,722 - DEBUG - Session Lssb5Aj_zaQsXXtBAAAD: Progress Separating vocals - 33.0%
2025-06-28 18:58:14,223 - DEBUG - Session Lssb5Aj_zaQsXXtBAAAD: Progress Separating vocals - 34.0%
2025-06-28 18:58:14,724 - DEBUG - Session Lssb5Aj_zaQsXXtBAAAD: Progress Separating vocals - 35.0%
2025-06-28 18:58:15,225 - DEBUG - Session Lssb5Aj_zaQsXXtBAAAD: Progress Separating vocals - 36.0%
2025-06-28 18:58:15,727 - DEBUG - Session Lssb5Aj_zaQsXXtBAAAD: Progress Separating vocals - 37.0%
2025-06-28 18:58:16,228 - DEBUG - Session Lssb5Aj_zaQsXXtBAAAD: Progress Separating vocals - 38.0%
2025-06-28 18:58:16,729 - DEBUG - Session Lssb5Aj_zaQsXXtBAAAD: Progress Separating vocals - 39.0%
2025-06-28 18:58:17,230 - DEBUG - Session Lssb5Aj_zaQsXXtBAAAD: Progress Separating vocals - 40.0%
2025-06-28 18:58:17,731 - DEBUG - Completed stage: Separating vocals for session Lssb5Aj_zaQsXXtBAAAD
2025-06-28 18:58:17,731 - DEBUG - Entering stage: Refining output for session Lssb5Aj_zaQsXXtBAAAD
2025-06-28 18:58:17,731 - DEBUG - Session Lssb5Aj_zaQsXXtBAAAD: Progress Refining output - 41.0%
2025-06-28 18:58:18,232 - DEBUG - Session Lssb5Aj_zaQsXXtBAAAD: Progress Refining output - 42.0%
2025-06-28 18:58:18,733 - DEBUG - Session Lssb5Aj_zaQsXXtBAAAD: Progress Refining output - 43.0%
2025-06-28 18:58:19,234 - DEBUG - Session Lssb5Aj_zaQsXXtBAAAD: Progress Refining output - 44.0%
2025-06-28 18:58:19,735 - DEBUG - Session Lssb5Aj_zaQsXXtBAAAD: Progress Refining output - 45.0%
2025-06-28 18:58:20,236 - DEBUG - Session Lssb5Aj_zaQsXXtBAAAD: Progress Refining output - 46.0%
2025-06-28 18:58:20,737 - DEBUG - Session Lssb5Aj_zaQsXXtBAAAD: Progress Refining output - 47.0%
2025-06-28 18:58:21,238 - DEBUG - Session Lssb5Aj_zaQsXXtBAAAD: Progress Refining output - 48.0%
2025-06-28 18:58:21,739 - DEBUG - Session Lssb5Aj_zaQsXXtBAAAD: Progress Refining output - 49.0%
2025-06-28 18:58:22,240 - DEBUG - Session Lssb5Aj_zaQsXXtBAAAD: Progress Refining output - 50.0%
2025-06-28 18:58:22,741 - DEBUG - Session Lssb5Aj_zaQsXXtBAAAD: Progress Refining output - 51.0%
2025-06-28 18:58:23,242 - DEBUG - Session Lssb5Aj_zaQsXXtBAAAD: Progress Refining output - 52.0%
2025-06-28 18:58:23,743 - DEBUG - Session Lssb5Aj_zaQsXXtBAAAD: Progress Refining output - 53.0%
2025-06-28 18:58:24,244 - DEBUG - Session Lssb5Aj_zaQsXXtBAAAD: Progress Refining output - 54.0%
2025-06-28 18:58:24,745 - DEBUG - Session Lssb5Aj_zaQsXXtBAAAD: Progress Refining output - 55.0%
2025-06-28 18:58:25,245 - DEBUG - Session Lssb5Aj_zaQsXXtBAAAD: Progress Refining output - 56.0%
2025-06-28 18:58:25,746 - DEBUG - Session Lssb5Aj_zaQsXXtBAAAD: Progress Refining output - 57.0%
2025-06-28 18:58:26,247 - DEBUG - Session Lssb5Aj_zaQsXXtBAAAD: Progress Refining output - 58.0%
2025-06-28 18:58:26,748 - DEBUG - Session Lssb5Aj_zaQsXXtBAAAD: Progress Refining output - 59.0%
2025-06-28 18:58:27,249 - DEBUG - Session Lssb5Aj_zaQsXXtBAAAD: Progress Refining output - 60.0%
2025-06-28 18:58:27,750 - DEBUG - Session Lssb5Aj_zaQsXXtBAAAD: Progress Refining output - 61.0%
2025-06-28 18:58:28,251 - DEBUG - Session Lssb5Aj_zaQsXXtBAAAD: Progress Refining output - 62.0%
2025-06-28 18:58:28,752 - DEBUG - Session Lssb5Aj_zaQsXXtBAAAD: Progress Refining output - 63.0%
2025-06-28 18:58:29,253 - DEBUG - Session Lssb5Aj_zaQsXXtBAAAD: Progress Refining output - 64.0%
2025-06-28 18:58:29,754 - DEBUG - Session Lssb5Aj_zaQsXXtBAAAD: Progress Refining output - 65.0%
2025-06-28 18:58:30,255 - DEBUG - Session Lssb5Aj_zaQsXXtBAAAD: Progress Refining output - 66.0%
2025-06-28 18:58:30,756 - DEBUG - Session Lssb5Aj_zaQsXXtBAAAD: Progress Refining output - 67.0%
2025-06-28 18:58:31,257 - DEBUG - Session Lssb5Aj_zaQsXXtBAAAD: Progress Refining output - 68.0%
2025-06-28 18:58:31,758 - DEBUG - Session Lssb5Aj_zaQsXXtBAAAD: Progress Refining output - 69.0%
2025-06-28 18:58:32,259 - DEBUG - Session Lssb5Aj_zaQsXXtBAAAD: Progress Refining output - 70.0%
2025-06-28 18:58:32,760 - DEBUG - Completed stage: Refining output for session Lssb5Aj_zaQsXXtBAAAD
2025-06-28 18:58:32,760 - DEBUG - Entering stage: Finalizing for session Lssb5Aj_zaQsXXtBAAAD
2025-06-28 18:58:32,760 - DEBUG - Session Lssb5Aj_zaQsXXtBAAAD: Progress Finalizing - 71.0%
2025-06-28 18:58:33,261 - DEBUG - Session Lssb5Aj_zaQsXXtBAAAD: Progress Finalizing - 72.0%
2025-06-28 18:58:33,762 - DEBUG - Session Lssb5Aj_zaQsXXtBAAAD: Progress Finalizing - 73.0%
2025-06-28 18:58:34,263 - DEBUG - Session Lssb5Aj_zaQsXXtBAAAD: Progress Finalizing - 74.0%
2025-06-28 18:58:34,764 - DEBUG - Session Lssb5Aj_zaQsXXtBAAAD: Progress Finalizing - 75.0%
2025-06-28 18:58:35,265 - DEBUG - Session Lssb5Aj_zaQsXXtBAAAD: Progress Finalizing - 76.0%
2025-06-28 18:58:35,766 - DEBUG - Session Lssb5Aj_zaQsXXtBAAAD: Progress Finalizing - 77.0%
2025-06-28 18:58:36,267 - DEBUG - Session Lssb5Aj_zaQsXXtBAAAD: Progress Finalizing - 78.0%
2025-06-28 18:58:36,768 - DEBUG - Session Lssb5Aj_zaQsXXtBAAAD: Progress Finalizing - 79.0%
2025-06-28 18:58:37,269 - DEBUG - Session Lssb5Aj_zaQsXXtBAAAD: Progress Finalizing - 80.0%
2025-06-28 18:58:37,770 - DEBUG - Session Lssb5Aj_zaQsXXtBAAAD: Progress Finalizing - 81.0%
2025-06-28 18:58:38,272 - DEBUG - Session Lssb5Aj_zaQsXXtBAAAD: Progress Finalizing - 82.0%
2025-06-28 18:58:38,773 - DEBUG - Session Lssb5Aj_zaQsXXtBAAAD: Progress Finalizing - 83.0%
2025-06-28 18:58:39,274 - DEBUG - Session Lssb5Aj_zaQsXXtBAAAD: Progress Finalizing - 84.0%
2025-06-28 18:58:39,775 - DEBUG - Session Lssb5Aj_zaQsXXtBAAAD: Progress Finalizing - 85.0%
2025-06-28 18:58:40,276 - DEBUG - Session Lssb5Aj_zaQsXXtBAAAD: Progress Finalizing - 86.0%
2025-06-28 18:58:40,777 - DEBUG - Session Lssb5Aj_zaQsXXtBAAAD: Progress Finalizing - 87.0%
2025-06-28 18:58:41,278 - DEBUG - Session Lssb5Aj_zaQsXXtBAAAD: Progress Finalizing - 88.0%
2025-06-28 18:58:41,779 - DEBUG - Session Lssb5Aj_zaQsXXtBAAAD: Progress Finalizing - 89.0%
2025-06-28 18:58:42,280 - DEBUG - Session Lssb5Aj_zaQsXXtBAAAD: Progress Finalizing - 90.0%
2025-06-28 18:58:42,780 - DEBUG - Session Lssb5Aj_zaQsXXtBAAAD: Progress Finalizing - 91.0%
2025-06-28 18:58:43,281 - DEBUG - Session Lssb5Aj_zaQsXXtBAAAD: Progress Finalizing - 92.0%
2025-06-28 18:58:43,782 - DEBUG - Session Lssb5Aj_zaQsXXtBAAAD: Progress Finalizing - 93.0%
2025-06-28 18:58:44,283 - DEBUG - Session Lssb5Aj_zaQsXXtBAAAD: Progress Finalizing - 94.0%
2025-06-28 18:58:44,784 - DEBUG - Session Lssb5Aj_zaQsXXtBAAAD: Progress Finalizing - 95.0%
2025-06-28 18:58:45,285 - DEBUG - Session Lssb5Aj_zaQsXXtBAAAD: Progress Finalizing - 96.0%
2025-06-28 18:58:45,786 - DEBUG - Session Lssb5Aj_zaQsXXtBAAAD: Progress Finalizing - 97.0%
2025-06-28 18:58:46,287 - DEBUG - Session Lssb5Aj_zaQsXXtBAAAD: Progress Finalizing - 98.0%
2025-06-28 18:58:46,788 - DEBUG - Session Lssb5Aj_zaQsXXtBAAAD: Progress Finalizing - 99.0%
2025-06-28 18:58:47,289 - DEBUG - Session Lssb5Aj_zaQsXXtBAAAD: Progress Finalizing - 100.0%
2025-06-28 18:58:47,790 - DEBUG - Completed stage: Finalizing for session Lssb5Aj_zaQsXXtBAAAD
2025-06-28 18:58:47,790 - INFO - Session Lssb5Aj_zaQsXXtBAAAD: Saving final output...
2025-06-28 18:58:47,790 - DEBUG - Simulating saving output for session Lssb5Aj_zaQsXXtBAAAD
2025-06-28 18:58:47,791 - INFO - Session Lssb5Aj_zaQsXXtBAAAD: Generated: fd053b68-8b90-4f04-87b3-7e0eb22fd64b_youtube_M-mtdN6R3bQ_vocals.mp3
2025-06-28 18:58:47,791 - INFO - Session Lssb5Aj_zaQsXXtBAAAD: Processing complete. Files: ['fd053b68-8b90-4f04-87b3-7e0eb22fd64b_youtube_M-mtdN6R3bQ_vocals.mp3']
2025-06-28 18:58:47,791 - DEBUG - Successfully generated and emitted complete for session Lssb5Aj_zaQsXXtBAAAD
2025-06-28 18:58:47,821 - INFO - Serving final output file for session Lssb5Aj_zaQsXXtBAAAD: fd053b68-8b90-4f04-87b3-7e0eb22fd64b_youtube_M-mtdN6R3bQ_vocals.mp3
2025-06-28 19:01:45,433 - INFO - Starting cleanup of old session data in /tmp/justvocals_user_data...
2025-06-28 19:01:45,433 - INFO - Finished cleanup of old session data.
2025-06-28 19:01:45,433 - INFO - Starting Flask-SocketIO development server...
2025-06-28 19:01:45,981 - INFO - Client connected: 4dFGsEX8T8QFYLDkAAAB
2025-06-28 19:01:45,981 - INFO - Session 4dFGsEX8T8QFYLDkAAAB: Welcome! Your session ID is 4dFGsEX8T8QFYLDkAAAB
2025-06-28 19:01:46,036 - WARNING - Attempted path traversal or file not found for session 4dFGsEX8T8QFYLDkAAAB: fd053b68-8b90-4f04-87b3-7e0eb22fd64b_youtube_M-mtdN6R3bQ_vocals.mp3
2025-06-28 19:01:56,956 - INFO - Client disconnected: 4dFGsEX8T8QFYLDkAAAB
2025-06-28 19:01:57,029 - INFO - Client connected: fLyhIaopvDPVwqgNAAAD
2025-06-28 19:01:57,029 - INFO - Session fLyhIaopvDPVwqgNAAAD: Welcome! Your session ID is fLyhIaopvDPVwqgNAAAD
2025-06-28 19:01:57,087 - WARNING - Attempted path traversal or file not found for session fLyhIaopvDPVwqgNAAAD: fd053b68-8b90-4f04-87b3-7e0eb22fd64b_youtube_M-mtdN6R3bQ_vocals.mp3
2025-06-28 19:02:02,297 - INFO - Received /process request for session ID: fLyhIaopvDPVwqgNAAAD
2025-06-28 19:02:02,298 - INFO - Session fLyhIaopvDPVwqgNAAAD: Processing options: {'remove_silence': True, 'enhance_vocals': True, 'silence_thresh': -40.0, 'min_silence_len': 10.0, 'keep_silence': 500.0}
2025-06-28 19:02:02,298 - INFO - Session fLyhIaopvDPVwqgNAAAD: Received YouTube URL: https://youtu.be/M-mtdN6R3bQ?si=PrXo_0-b8yVB17YC
2025-06-28 19:02:02,299 - INFO - Session fLyhIaopvDPVwqgNAAAD: 🚀 Starting YouTube download...
2025-06-28 19:02:02,299 - DEBUG - Session fLyhIaopvDPVwqgNAAAD: Progress Downloading - 5.0%
2025-06-28 19:02:07,399 - INFO - Session fLyhIaopvDPVwqgNAAAD: ✅ Downloaded Short_Song_English_Song_W_Lyrics_30_seconds_M-mtdN6R3bQ.mp3 successfully!
2025-06-28 19:02:07,405 - DEBUG - Starting Demucs processing task for YouTube file: Short_Song_English_Song_W_Lyrics_30_seconds_M-mtdN6R3bQ.mp3
2025-06-28 19:02:07,406 - DEBUG - Starting process_audio_file_demucs for Short_Song_English_Song_W_Lyrics_30_seconds_M-mtdN6R3bQ.mp3 in session fLyhIaopvDPVwqgNAAAD
2025-06-28 19:02:07,406 - INFO - Session fLyhIaopvDPVwqgNAAAD: 🎤 Isolating vocals with AI model (Demucs)...
2025-06-28 19:02:07,406 - DEBUG - Session fLyhIaopvDPVwqgNAAAD: Progress Isolating Vocals - 33.0%
2025-06-28 19:02:07,407 - DEBUG - Session fLyhIaopvDPVwqgNAAAD: Executing: demucs --output /tmp/justvocals_user_data/fLyhIaopvDPVwqgNAAAD/separated --mp3 /tmp/justvocals_user_data/fLyhIaopvDPVwqgNAAAD/uploads/Short_Song_English_Song_W_Lyrics_30_seconds_M-mtdN6R3bQ.mp3
2025-06-28 19:02:09,544 - ERROR - Session fLyhIaopvDPVwqgNAAAD: Command failed: demucs
2025-06-28 19:02:09,545 - ERROR - Session fLyhIaopvDPVwqgNAAAD: STDOUT: 
2025-06-28 19:02:09,545 - ERROR - Session fLyhIaopvDPVwqgNAAAD: STDERR: usage: demucs.separate [-h] [-s SIG | -n NAME] [--repo REPO] [-v] [-o OUT]
                       [--filename FILENAME] [-d DEVICE] [--shifts SHIFTS]
                       [--overlap OVERLAP] [--no-split | --segment SEGMENT]
                       [--two-stems STEM] [--int24 | --float32]
                       [--clip-mode {rescale,clamp}] [--flac | --mp3]
                       [--mp3-bitrate MP3_BITRATE]
                       [--mp3-preset {2,3,4,5,6,7}] [-j JOBS]
                       tracks [tracks ...]
demucs.separate: error: unrecognized arguments: --output /tmp/justvocals_user_data/fLyhIaopvDPVwqgNAAAD/uploads/Short_Song_English_Song_W_Lyrics_30_seconds_M-mtdN6R3bQ.mp3

2025-06-28 19:02:09,545 - ERROR - Session fLyhIaopvDPVwqgNAAAD: ❌ Demucs vocal isolation failed: Command '['demucs', '--output', '/tmp/justvocals_user_data/fLyhIaopvDPVwqgNAAAD/separated', '--mp3', '/tmp/justvocals_user_data/fLyhIaopvDPVwqgNAAAD/uploads/Short_Song_English_Song_W_Lyrics_30_seconds_M-mtdN6R3bQ.mp3']' returned non-zero exit status 2.
2025-06-28 19:04:12,857 - INFO - Client disconnected: fLyhIaopvDPVwqgNAAAD
2025-06-28 19:04:12,857 - INFO - Marked session fLyhIaopvDPVwqgNAAAD as no longer processing due to disconnect.
2025-06-28 19:04:21,603 - INFO - Starting cleanup of old session data in /tmp/justvocals_user_data...
2025-06-28 19:04:21,603 - INFO - Finished cleanup of old session data.
2025-06-28 19:04:21,603 - INFO - Starting Flask-SocketIO development server...
2025-06-28 19:04:29,240 - INFO - Client connected: w7_8Q6i5JUoYZwFbAAAB
2025-06-28 19:04:29,240 - INFO - Session w7_8Q6i5JUoYZwFbAAAB: Welcome! Your session ID is w7_8Q6i5JUoYZwFbAAAB
2025-06-28 19:04:33,352 - INFO - Received /process request for session ID: w7_8Q6i5JUoYZwFbAAAB
2025-06-28 19:04:33,352 - INFO - Session w7_8Q6i5JUoYZwFbAAAB: Processing options: {'remove_silence': True, 'enhance_vocals': True, 'silence_thresh': -40.0, 'min_silence_len': 10.0, 'keep_silence': 500.0}
2025-06-28 19:04:33,353 - INFO - Session w7_8Q6i5JUoYZwFbAAAB: Received YouTube URL: https://youtu.be/M-mtdN6R3bQ?si=PrXo_0-b8yVB17YC
2025-06-28 19:04:33,353 - INFO - Session w7_8Q6i5JUoYZwFbAAAB: 🚀 Starting YouTube download...
2025-06-28 19:04:33,353 - DEBUG - Session w7_8Q6i5JUoYZwFbAAAB: Progress Downloading - 5.0%
2025-06-28 19:04:37,543 - INFO - Session w7_8Q6i5JUoYZwFbAAAB: ✅ Downloaded Short_Song_English_Song_W_Lyrics_30_seconds_M-mtdN6R3bQ.mp3 successfully!
2025-06-28 19:04:37,546 - DEBUG - Starting Demucs processing task for YouTube file: Short_Song_English_Song_W_Lyrics_30_seconds_M-mtdN6R3bQ.mp3
2025-06-28 19:04:37,547 - DEBUG - Starting process_audio_file_demucs for Short_Song_English_Song_W_Lyrics_30_seconds_M-mtdN6R3bQ.mp3 in session w7_8Q6i5JUoYZwFbAAAB
2025-06-28 19:04:37,547 - INFO - Session w7_8Q6i5JUoYZwFbAAAB: 🎤 Isolating vocals with AI model (Demucs)...
2025-06-28 19:04:37,547 - DEBUG - Session w7_8Q6i5JUoYZwFbAAAB: Progress Isolating Vocals - 33.0%
2025-06-28 19:04:37,547 - DEBUG - Session w7_8Q6i5JUoYZwFbAAAB: Executing: demucs --mp3 --output /tmp/justvocals_user_data/w7_8Q6i5JUoYZwFbAAAB/separated /tmp/justvocals_user_data/w7_8Q6i5JUoYZwFbAAAB/uploads/Short_Song_English_Song_W_Lyrics_30_seconds_M-mtdN6R3bQ.mp3
2025-06-28 19:04:38,924 - ERROR - Session w7_8Q6i5JUoYZwFbAAAB: Command failed: demucs
2025-06-28 19:04:38,924 - ERROR - Session w7_8Q6i5JUoYZwFbAAAB: STDOUT: 
2025-06-28 19:04:38,924 - ERROR - Session w7_8Q6i5JUoYZwFbAAAB: STDERR: usage: demucs.separate [-h] [-s SIG | -n NAME] [--repo REPO] [-v] [-o OUT]
                       [--filename FILENAME] [-d DEVICE] [--shifts SHIFTS]
                       [--overlap OVERLAP] [--no-split | --segment SEGMENT]
                       [--two-stems STEM] [--int24 | --float32]
                       [--clip-mode {rescale,clamp}] [--flac | --mp3]
                       [--mp3-bitrate MP3_BITRATE]
                       [--mp3-preset {2,3,4,5,6,7}] [-j JOBS]
                       tracks [tracks ...]
demucs.separate: error: unrecognized arguments: --output

2025-06-28 19:04:38,924 - ERROR - Session w7_8Q6i5JUoYZwFbAAAB: ❌ Demucs vocal isolation failed: Command '['demucs', '--mp3', '--output', '/tmp/justvocals_user_data/w7_8Q6i5JUoYZwFbAAAB/separated', '/tmp/justvocals_user_data/w7_8Q6i5JUoYZwFbAAAB/uploads/Short_Song_English_Song_W_Lyrics_30_seconds_M-mtdN6R3bQ.mp3']' returned non-zero exit status 2.
2025-06-28 19:07:01,379 - INFO - Client disconnected: w7_8Q6i5JUoYZwFbAAAB
2025-06-28 19:07:01,379 - INFO - Marked session w7_8Q6i5JUoYZwFbAAAB as no longer processing due to disconnect.
2025-06-28 19:15:03,567 - INFO - Starting cleanup of old session data in /tmp/justvocals_user_data...
2025-06-28 19:15:03,567 - INFO - Finished cleanup of old session data.
2025-06-28 19:15:03,567 - INFO - Starting Flask-SocketIO development server...
2025-06-28 19:15:15,308 - INFO - Client connected: tyITtUNvAurSQaNKAAAB
2025-06-28 19:15:15,308 - INFO - Session tyITtUNvAurSQaNKAAAB: Welcome! Your session ID is tyITtUNvAurSQaNKAAAB
2025-06-28 19:15:23,246 - INFO - Received /process request for session ID: tyITtUNvAurSQaNKAAAB
2025-06-28 19:15:23,246 - INFO - Session tyITtUNvAurSQaNKAAAB: Processing options: {'remove_silence': True, 'enhance_vocals': True, 'silence_thresh': -40.0, 'min_silence_len': 10.0, 'keep_silence': 500.0}
2025-06-28 19:15:23,247 - INFO - Session tyITtUNvAurSQaNKAAAB: Received YouTube URL: https://youtu.be/M-mtdN6R3bQ?si=PrXo_0-b8yVB17YC
2025-06-28 19:15:23,247 - INFO - Session tyITtUNvAurSQaNKAAAB: 🚀 Starting YouTube download...
2025-06-28 19:15:23,247 - DEBUG - Session tyITtUNvAurSQaNKAAAB: Progress Downloading - 5.0%
2025-06-28 19:15:28,262 - INFO - Session tyITtUNvAurSQaNKAAAB: ✅ Downloaded Short_Song_English_Song_W_Lyrics_30_seconds_M-mtdN6R3bQ.mp3 successfully!
2025-06-28 19:15:28,265 - DEBUG - Starting Demucs processing task for YouTube file: Short_Song_English_Song_W_Lyrics_30_seconds_M-mtdN6R3bQ.mp3
2025-06-28 19:15:28,265 - DEBUG - Starting process_audio_file_demucs for Short_Song_English_Song_W_Lyrics_30_seconds_M-mtdN6R3bQ.mp3 in session tyITtUNvAurSQaNKAAAB
2025-06-28 19:15:28,265 - INFO - Session tyITtUNvAurSQaNKAAAB: 🎤 Isolating vocals with AI model (Demucs)...
2025-06-28 19:15:28,265 - DEBUG - Session tyITtUNvAurSQaNKAAAB: Progress Isolating Vocals - 33.0%
2025-06-28 19:15:28,266 - DEBUG - Session tyITtUNvAurSQaNKAAAB: Executing: demucs --mp3 --output /tmp/justvocals_user_data/tyITtUNvAurSQaNKAAAB/separated /tmp/justvocals_user_data/tyITtUNvAurSQaNKAAAB/uploads/Short_Song_English_Song_W_Lyrics_30_seconds_M-mtdN6R3bQ.mp3
2025-06-28 19:15:30,358 - ERROR - Session tyITtUNvAurSQaNKAAAB: Command failed: demucs
2025-06-28 19:15:30,358 - ERROR - Session tyITtUNvAurSQaNKAAAB: STDOUT: 
2025-06-28 19:15:30,359 - ERROR - Session tyITtUNvAurSQaNKAAAB: STDERR: usage: demucs.separate [-h] [-s SIG | -n NAME] [--repo REPO] [-v] [-o OUT]
                       [--filename FILENAME] [-d DEVICE] [--shifts SHIFTS]
                       [--overlap OVERLAP] [--no-split | --segment SEGMENT]
                       [--two-stems STEM] [--int24 | --float32]
                       [--clip-mode {rescale,clamp}] [--flac | --mp3]
                       [--mp3-bitrate MP3_BITRATE]
                       [--mp3-preset {2,3,4,5,6,7}] [-j JOBS]
                       tracks [tracks ...]
demucs.separate: error: unrecognized arguments: --output

2025-06-28 19:15:30,359 - ERROR - Session tyITtUNvAurSQaNKAAAB: ❌ Demucs vocal isolation failed: Command '['demucs', '--mp3', '--output', '/tmp/justvocals_user_data/tyITtUNvAurSQaNKAAAB/separated', '/tmp/justvocals_user_data/tyITtUNvAurSQaNKAAAB/uploads/Short_Song_English_Song_W_Lyrics_30_seconds_M-mtdN6R3bQ.mp3']' returned non-zero exit status 2.
2025-06-28 19:19:58,168 - INFO - Client disconnected: tyITtUNvAurSQaNKAAAB
2025-06-28 19:19:58,168 - INFO - Marked session tyITtUNvAurSQaNKAAAB as no longer processing due to disconnect.
2025-06-28 19:21:47,128 - INFO - Starting cleanup of old session data in /tmp/justvocals_user_data...
2025-06-28 19:21:47,128 - INFO - Finished cleanup of old session data.
2025-06-28 19:21:47,128 - INFO - Starting Flask-SocketIO development server...
2025-06-28 19:21:52,477 - INFO - Client connected: DsfroDAIKHQng4FJAAAB
2025-06-28 19:21:52,477 - INFO - Session DsfroDAIKHQng4FJAAAB: Welcome! Your session ID is DsfroDAIKHQng4FJAAAB
2025-06-28 19:21:56,035 - INFO - Received /process request for session ID: DsfroDAIKHQng4FJAAAB
2025-06-28 19:21:56,035 - INFO - Session DsfroDAIKHQng4FJAAAB: Processing options: {'remove_silence': True, 'enhance_vocals': True, 'silence_thresh': -40.0, 'min_silence_len': 10.0, 'keep_silence': 500.0}
2025-06-28 19:21:56,036 - INFO - Session DsfroDAIKHQng4FJAAAB: Received YouTube URL: https://youtu.be/M-mtdN6R3bQ?si=PrXo_0-b8yVB17YC
2025-06-28 19:21:56,036 - INFO - Session DsfroDAIKHQng4FJAAAB: 🚀 Starting YouTube download...
2025-06-28 19:21:56,036 - DEBUG - Session DsfroDAIKHQng4FJAAAB: Progress Downloading - 5.0%
2025-06-28 19:22:00,704 - INFO - Session DsfroDAIKHQng4FJAAAB: ✅ Downloaded Short_Song_English_Song_W_Lyrics_30_seconds_M-mtdN6R3bQ.mp3 successfully!
2025-06-28 19:22:00,707 - DEBUG - Starting Demucs processing task for YouTube file: Short_Song_English_Song_W_Lyrics_30_seconds_M-mtdN6R3bQ.mp3
2025-06-28 19:22:00,707 - DEBUG - Starting process_audio_file_demucs for Short_Song_English_Song_W_Lyrics_30_seconds_M-mtdN6R3bQ.mp3 in session DsfroDAIKHQng4FJAAAB
2025-06-28 19:22:00,708 - INFO - Session DsfroDAIKHQng4FJAAAB: 🎤 Isolating vocals with AI model (Demucs)...
2025-06-28 19:22:00,708 - DEBUG - Session DsfroDAIKHQng4FJAAAB: Progress Isolating Vocals - 33.0%
2025-06-28 19:22:00,708 - DEBUG - Session DsfroDAIKHQng4FJAAAB: Executing: demucs --output /tmp/justvocals_user_data/DsfroDAIKHQng4FJAAAB/separated --mp3 /tmp/justvocals_user_data/DsfroDAIKHQng4FJAAAB/uploads/Short_Song_English_Song_W_Lyrics_30_seconds_M-mtdN6R3bQ.mp3
2025-06-28 19:22:02,219 - ERROR - Session DsfroDAIKHQng4FJAAAB: Command failed: demucs
2025-06-28 19:22:02,219 - ERROR - Session DsfroDAIKHQng4FJAAAB: STDOUT: 
2025-06-28 19:22:02,219 - ERROR - Session DsfroDAIKHQng4FJAAAB: STDERR: usage: demucs.separate [-h] [-s SIG | -n NAME] [--repo REPO] [-v] [-o OUT]
                       [--filename FILENAME] [-d DEVICE] [--shifts SHIFTS]
                       [--overlap OVERLAP] [--no-split | --segment SEGMENT]
                       [--two-stems STEM] [--int24 | --float32]
                       [--clip-mode {rescale,clamp}] [--flac | --mp3]
                       [--mp3-bitrate MP3_BITRATE]
                       [--mp3-preset {2,3,4,5,6,7}] [-j JOBS]
                       tracks [tracks ...]
demucs.separate: error: unrecognized arguments: --output /tmp/justvocals_user_data/DsfroDAIKHQng4FJAAAB/uploads/Short_Song_English_Song_W_Lyrics_30_seconds_M-mtdN6R3bQ.mp3

2025-06-28 19:22:02,219 - ERROR - Session DsfroDAIKHQng4FJAAAB: ❌ Demucs vocal isolation failed: Command '['demucs', '--output', '/tmp/justvocals_user_data/DsfroDAIKHQng4FJAAAB/separated', '--mp3', '/tmp/justvocals_user_data/DsfroDAIKHQng4FJAAAB/uploads/Short_Song_English_Song_W_Lyrics_30_seconds_M-mtdN6R3bQ.mp3']' returned non-zero exit status 2.
2025-06-28 19:22:02,219 - INFO - Session DsfroDAIKHQng4FJAAAB: Processing complete. Files: []
2025-06-28 19:22:41,587 - INFO - Client disconnected: DsfroDAIKHQng4FJAAAB
2025-06-28 19:22:41,680 - INFO - Client connected: Y1hYgf--QLa8e0L9AAAD
2025-06-28 19:22:41,680 - INFO - Session Y1hYgf--QLa8e0L9AAAD: Welcome! Your session ID is Y1hYgf--QLa8e0L9AAAD
2025-06-28 19:22:43,523 - INFO - Received /process request for session ID: Y1hYgf--QLa8e0L9AAAD
2025-06-28 19:22:43,523 - INFO - Session Y1hYgf--QLa8e0L9AAAD: Processing options: {'remove_silence': True, 'enhance_vocals': True, 'silence_thresh': -40.0, 'min_silence_len': 10.0, 'keep_silence': 500.0}
2025-06-28 19:22:43,523 - INFO - Session Y1hYgf--QLa8e0L9AAAD: Received YouTube URL: https://youtu.be/M-mtdN6R3bQ?si=PrXo_0-b8yVB17YC
2025-06-28 19:22:43,524 - INFO - Session Y1hYgf--QLa8e0L9AAAD: 🚀 Starting YouTube download...
2025-06-28 19:22:43,524 - DEBUG - Session Y1hYgf--QLa8e0L9AAAD: Progress Downloading - 5.0%
2025-06-28 19:22:47,293 - INFO - Session Y1hYgf--QLa8e0L9AAAD: ✅ Downloaded Short_Song_English_Song_W_Lyrics_30_seconds_M-mtdN6R3bQ.mp3 successfully!
2025-06-28 19:22:47,298 - DEBUG - Starting Demucs processing task for YouTube file: Short_Song_English_Song_W_Lyrics_30_seconds_M-mtdN6R3bQ.mp3
2025-06-28 19:22:47,299 - DEBUG - Starting process_audio_file_demucs for Short_Song_English_Song_W_Lyrics_30_seconds_M-mtdN6R3bQ.mp3 in session Y1hYgf--QLa8e0L9AAAD
2025-06-28 19:22:47,299 - INFO - Session Y1hYgf--QLa8e0L9AAAD: 🎤 Isolating vocals with AI model (Demucs)...
2025-06-28 19:22:47,299 - DEBUG - Session Y1hYgf--QLa8e0L9AAAD: Progress Isolating Vocals - 33.0%
2025-06-28 19:22:47,299 - DEBUG - Session Y1hYgf--QLa8e0L9AAAD: Executing: demucs --output /tmp/justvocals_user_data/Y1hYgf--QLa8e0L9AAAD/separated --mp3 /tmp/justvocals_user_data/Y1hYgf--QLa8e0L9AAAD/uploads/Short_Song_English_Song_W_Lyrics_30_seconds_M-mtdN6R3bQ.mp3
2025-06-28 19:22:48,642 - ERROR - Session Y1hYgf--QLa8e0L9AAAD: Command failed: demucs
2025-06-28 19:22:48,642 - ERROR - Session Y1hYgf--QLa8e0L9AAAD: STDOUT: 
2025-06-28 19:22:48,642 - ERROR - Session Y1hYgf--QLa8e0L9AAAD: STDERR: usage: demucs.separate [-h] [-s SIG | -n NAME] [--repo REPO] [-v] [-o OUT]
                       [--filename FILENAME] [-d DEVICE] [--shifts SHIFTS]
                       [--overlap OVERLAP] [--no-split | --segment SEGMENT]
                       [--two-stems STEM] [--int24 | --float32]
                       [--clip-mode {rescale,clamp}] [--flac | --mp3]
                       [--mp3-bitrate MP3_BITRATE]
                       [--mp3-preset {2,3,4,5,6,7}] [-j JOBS]
                       tracks [tracks ...]
demucs.separate: error: unrecognized arguments: --output /tmp/justvocals_user_data/Y1hYgf--QLa8e0L9AAAD/uploads/Short_Song_English_Song_W_Lyrics_30_seconds_M-mtdN6R3bQ.mp3

2025-06-28 19:22:48,643 - ERROR - Session Y1hYgf--QLa8e0L9AAAD: ❌ Demucs vocal isolation failed: Command '['demucs', '--output', '/tmp/justvocals_user_data/Y1hYgf--QLa8e0L9AAAD/separated', '--mp3', '/tmp/justvocals_user_data/Y1hYgf--QLa8e0L9AAAD/uploads/Short_Song_English_Song_W_Lyrics_30_seconds_M-mtdN6R3bQ.mp3']' returned non-zero exit status 2.
2025-06-28 19:22:48,643 - INFO - Session Y1hYgf--QLa8e0L9AAAD: Processing complete. Files: []
2025-06-28 19:52:50,277 - INFO - Starting cleanup of old session data in /tmp/justvocals_user_data...
2025-06-28 19:52:50,277 - INFO - Finished cleanup of old session data.
2025-06-28 19:52:50,278 - INFO - Starting Flask-SocketIO development server...
2025-06-28 19:52:50,473 - INFO - Client connected: CJJocX9XHKc80zASAAAB
2025-06-28 19:52:50,473 - INFO - Session CJJocX9XHKc80zASAAAB: Welcome! Your session ID is CJJocX9XHKc80zASAAAB
2025-06-28 19:52:57,007 - INFO - Client disconnected: CJJocX9XHKc80zASAAAB
2025-06-28 19:52:57,113 - INFO - Client connected: k6plZtLUuDsYjDDSAAAD
2025-06-28 19:52:57,113 - INFO - Session k6plZtLUuDsYjDDSAAAD: Welcome! Your session ID is k6plZtLUuDsYjDDSAAAD
2025-06-28 19:52:58,613 - INFO - Client disconnected: k6plZtLUuDsYjDDSAAAD
2025-06-28 19:52:58,671 - INFO - Client connected: EySf_TJvTEnG2SiUAAAF
2025-06-28 19:52:58,671 - INFO - Session EySf_TJvTEnG2SiUAAAF: Welcome! Your session ID is EySf_TJvTEnG2SiUAAAF
2025-06-28 19:53:57,800 - INFO - Client disconnected: EySf_TJvTEnG2SiUAAAF
